The system is: Linux - 3.10.96-tegra - aarch64
Compiling the C compiler identification source file "CMakeCCompilerId.c" succeeded.
Compiler: /usr/bin/cc 
Build flags: 
Id flags: 

The output was:
0


Compilation of the C compiler identification source "CMakeCCompilerId.c" produced "a.out"

The C compiler identification is GNU, found in "/home/ubuntu/projects/lowpoly/src/build/CMakeFiles/2.8.12.2/CompilerIdC/a.out"

Compiling the CXX compiler identification source file "CMakeCXXCompilerId.cpp" succeeded.
Compiler: /usr/bin/c++ 
Build flags: 
Id flags: 

The output was:
0


Compilation of the CXX compiler identification source "CMakeCXXCompilerId.cpp" produced "a.out"

The CXX compiler identification is GNU, found in "/home/ubuntu/projects/lowpoly/src/build/CMakeFiles/2.8.12.2/CompilerIdCXX/a.out"

Determining if the C compiler works passed with the following output:
Change Dir: /home/ubuntu/projects/lowpoly/src/build/CMakeFiles/CMakeTmp

Run Build Command:/usr/bin/make "cmTryCompileExec4137248559/fast"
/usr/bin/make -f CMakeFiles/cmTryCompileExec4137248559.dir/build.make CMakeFiles/cmTryCompileExec4137248559.dir/build
make[1]: Entering directory `/home/ubuntu/projects/lowpoly/src/build/CMakeFiles/CMakeTmp'
/usr/bin/cmake -E cmake_progress_report /home/ubuntu/projects/lowpoly/src/build/CMakeFiles/CMakeTmp/CMakeFiles 1
Building C object CMakeFiles/cmTryCompileExec4137248559.dir/testCCompiler.c.o
/usr/bin/cc    -o CMakeFiles/cmTryCompileExec4137248559.dir/testCCompiler.c.o   -c /home/ubuntu/projects/lowpoly/src/build/CMakeFiles/CMakeTmp/testCCompiler.c
Linking C executable cmTryCompileExec4137248559
/usr/bin/cmake -E cmake_link_script CMakeFiles/cmTryCompileExec4137248559.dir/link.txt --verbose=1
/usr/bin/cc       CMakeFiles/cmTryCompileExec4137248559.dir/testCCompiler.c.o  -o cmTryCompileExec4137248559 -rdynamic 
make[1]: Leaving directory `/home/ubuntu/projects/lowpoly/src/build/CMakeFiles/CMakeTmp'


Detecting C compiler ABI info compiled with the following output:
Change Dir: /home/ubuntu/projects/lowpoly/src/build/CMakeFiles/CMakeTmp

Run Build Command:/usr/bin/make "cmTryCompileExec4141602551/fast"
/usr/bin/make -f CMakeFiles/cmTryCompileExec4141602551.dir/build.make CMakeFiles/cmTryCompileExec4141602551.dir/build
make[1]: Entering directory `/home/ubuntu/projects/lowpoly/src/build/CMakeFiles/CMakeTmp'
/usr/bin/cmake -E cmake_progress_report /home/ubuntu/projects/lowpoly/src/build/CMakeFiles/CMakeTmp/CMakeFiles 1
Building C object CMakeFiles/cmTryCompileExec4141602551.dir/CMakeCCompilerABI.c.o
/usr/bin/cc    -o CMakeFiles/cmTryCompileExec4141602551.dir/CMakeCCompilerABI.c.o   -c /usr/share/cmake-2.8/Modules/CMakeCCompilerABI.c
Linking C executable cmTryCompileExec4141602551
/usr/bin/cmake -E cmake_link_script CMakeFiles/cmTryCompileExec4141602551.dir/link.txt --verbose=1
/usr/bin/cc     -v CMakeFiles/cmTryCompileExec4141602551.dir/CMakeCCompilerABI.c.o  -o cmTryCompileExec4141602551 -rdynamic  
Using built-in specs.
COLLECT_GCC=/usr/bin/cc
COLLECT_LTO_WRAPPER=/usr/lib/gcc/aarch64-linux-gnu/4.8/lto-wrapper
Target: aarch64-linux-gnu
Configured with: ../src/configure -v --with-pkgversion='Ubuntu/Linaro 4.8.4-2ubuntu1~14.04.4' --with-bugurl=file:///usr/share/doc/gcc-4.8/README.Bugs --enable-languages=c,c++,java,go,d,fortran,objc,obj-c++ --prefix=/usr --program-suffix=-4.8 --enable-shared --enable-linker-build-id --libexecdir=/usr/lib --without-included-gettext --enable-threads=posix --with-gxx-include-dir=/usr/include/c++/4.8 --libdir=/usr/lib --enable-nls --with-sysroot=/ --enable-clocale=gnu --enable-libstdcxx-debug --enable-libstdcxx-time=yes --enable-gnu-unique-object --disable-libmudflap --disable-libsanitizer --disable-libquadmath --enable-plugin --with-system-zlib --disable-browser-plugin --enable-java-awt=gtk --enable-gtk-cairo --with-java-home=/usr/lib/jvm/java-1.5.0-gcj-4.8-arm64/jre --enable-java-home --with-jvm-root-dir=/usr/lib/jvm/java-1.5.0-gcj-4.8-arm64 --with-jvm-jar-dir=/usr/lib/jvm-exports/java-1.5.0-gcj-4.8-arm64 --with-arch-directory=arm64 --with-ecj-jar=/usr/share/java/eclipse-ecj.jar --enable-multiarch --disable-werror --enable-checking=release --build=aarch64-linux-gnu --host=aarch64-linux-gnu --target=aarch64-linux-gnu
Thread model: posix
gcc version 4.8.4 (Ubuntu/Linaro 4.8.4-2ubuntu1~14.04.4) 
COMPILER_PATH=/usr/lib/gcc/aarch64-linux-gnu/4.8/:/usr/lib/gcc/aarch64-linux-gnu/4.8/:/usr/lib/gcc/aarch64-linux-gnu/:/usr/lib/gcc/aarch64-linux-gnu/4.8/:/usr/lib/gcc/aarch64-linux-gnu/
LIBRARY_PATH=/usr/lib/gcc/aarch64-linux-gnu/4.8/:/usr/lib/gcc/aarch64-linux-gnu/4.8/../../../aarch64-linux-gnu/:/usr/lib/gcc/aarch64-linux-gnu/4.8/../../../../lib/:/lib/aarch64-linux-gnu/:/lib/../lib/:/usr/lib/aarch64-linux-gnu/:/usr/lib/../lib/:/usr/lib/gcc/aarch64-linux-gnu/4.8/../../../:/lib/:/usr/lib/
COLLECT_GCC_OPTIONS='-v' '-o' 'cmTryCompileExec4141602551' '-rdynamic'
 /usr/lib/gcc/aarch64-linux-gnu/4.8/collect2 --sysroot=/ --build-id --eh-frame-hdr --hash-style=gnu --as-needed -export-dynamic -dynamic-linker /lib/ld-linux-aarch64.so.1 -X -z relro -o cmTryCompileExec4141602551 /usr/lib/gcc/aarch64-linux-gnu/4.8/../../../aarch64-linux-gnu/crt1.o /usr/lib/gcc/aarch64-linux-gnu/4.8/../../../aarch64-linux-gnu/crti.o /usr/lib/gcc/aarch64-linux-gnu/4.8/crtbegin.o -L/usr/lib/gcc/aarch64-linux-gnu/4.8 -L/usr/lib/gcc/aarch64-linux-gnu/4.8/../../../aarch64-linux-gnu -L/usr/lib/gcc/aarch64-linux-gnu/4.8/../../../../lib -L/lib/aarch64-linux-gnu -L/lib/../lib -L/usr/lib/aarch64-linux-gnu -L/usr/lib/../lib -L/usr/lib/gcc/aarch64-linux-gnu/4.8/../../.. CMakeFiles/cmTryCompileExec4141602551.dir/CMakeCCompilerABI.c.o -lgcc --as-needed -lgcc_s --no-as-needed -lc -lgcc --as-needed -lgcc_s --no-as-needed /usr/lib/gcc/aarch64-linux-gnu/4.8/crtend.o /usr/lib/gcc/aarch64-linux-gnu/4.8/../../../aarch64-linux-gnu/crtn.o
make[1]: Leaving directory `/home/ubuntu/projects/lowpoly/src/build/CMakeFiles/CMakeTmp'


Parsed C implicit link information from above output:
  link line regex: [^( *|.*[/\])(ld|([^/\]+-)?ld|collect2)[^/\]*( |$)]
  ignore line: [Change Dir: /home/ubuntu/projects/lowpoly/src/build/CMakeFiles/CMakeTmp]
  ignore line: []
  ignore line: [Run Build Command:/usr/bin/make "cmTryCompileExec4141602551/fast"]
  ignore line: [/usr/bin/make -f CMakeFiles/cmTryCompileExec4141602551.dir/build.make CMakeFiles/cmTryCompileExec4141602551.dir/build]
  ignore line: [make[1]: Entering directory `/home/ubuntu/projects/lowpoly/src/build/CMakeFiles/CMakeTmp']
  ignore line: [/usr/bin/cmake -E cmake_progress_report /home/ubuntu/projects/lowpoly/src/build/CMakeFiles/CMakeTmp/CMakeFiles 1]
  ignore line: [Building C object CMakeFiles/cmTryCompileExec4141602551.dir/CMakeCCompilerABI.c.o]
  ignore line: [/usr/bin/cc    -o CMakeFiles/cmTryCompileExec4141602551.dir/CMakeCCompilerABI.c.o   -c /usr/share/cmake-2.8/Modules/CMakeCCompilerABI.c]
  ignore line: [Linking C executable cmTryCompileExec4141602551]
  ignore line: [/usr/bin/cmake -E cmake_link_script CMakeFiles/cmTryCompileExec4141602551.dir/link.txt --verbose=1]
  ignore line: [/usr/bin/cc     -v CMakeFiles/cmTryCompileExec4141602551.dir/CMakeCCompilerABI.c.o  -o cmTryCompileExec4141602551 -rdynamic  ]
  ignore line: [Using built-in specs.]
  ignore line: [COLLECT_GCC=/usr/bin/cc]
  ignore line: [COLLECT_LTO_WRAPPER=/usr/lib/gcc/aarch64-linux-gnu/4.8/lto-wrapper]
  ignore line: [Target: aarch64-linux-gnu]
  ignore line: [Configured with: ../src/configure -v --with-pkgversion='Ubuntu/Linaro 4.8.4-2ubuntu1~14.04.4' --with-bugurl=file:///usr/share/doc/gcc-4.8/README.Bugs --enable-languages=c,c++,java,go,d,fortran,objc,obj-c++ --prefix=/usr --program-suffix=-4.8 --enable-shared --enable-linker-build-id --libexecdir=/usr/lib --without-included-gettext --enable-threads=posix --with-gxx-include-dir=/usr/include/c++/4.8 --libdir=/usr/lib --enable-nls --with-sysroot=/ --enable-clocale=gnu --enable-libstdcxx-debug --enable-libstdcxx-time=yes --enable-gnu-unique-object --disable-libmudflap --disable-libsanitizer --disable-libquadmath --enable-plugin --with-system-zlib --disable-browser-plugin --enable-java-awt=gtk --enable-gtk-cairo --with-java-home=/usr/lib/jvm/java-1.5.0-gcj-4.8-arm64/jre --enable-java-home --with-jvm-root-dir=/usr/lib/jvm/java-1.5.0-gcj-4.8-arm64 --with-jvm-jar-dir=/usr/lib/jvm-exports/java-1.5.0-gcj-4.8-arm64 --with-arch-directory=arm64 --with-ecj-jar=/usr/share/java/eclipse-ecj.jar --enable-multiarch --disable-werror --enable-checking=release --build=aarch64-linux-gnu --host=aarch64-linux-gnu --target=aarch64-linux-gnu]
  ignore line: [Thread model: posix]
  ignore line: [gcc version 4.8.4 (Ubuntu/Linaro 4.8.4-2ubuntu1~14.04.4) ]
  ignore line: [COMPILER_PATH=/usr/lib/gcc/aarch64-linux-gnu/4.8/:/usr/lib/gcc/aarch64-linux-gnu/4.8/:/usr/lib/gcc/aarch64-linux-gnu/:/usr/lib/gcc/aarch64-linux-gnu/4.8/:/usr/lib/gcc/aarch64-linux-gnu/]
  ignore line: [LIBRARY_PATH=/usr/lib/gcc/aarch64-linux-gnu/4.8/:/usr/lib/gcc/aarch64-linux-gnu/4.8/../../../aarch64-linux-gnu/:/usr/lib/gcc/aarch64-linux-gnu/4.8/../../../../lib/:/lib/aarch64-linux-gnu/:/lib/../lib/:/usr/lib/aarch64-linux-gnu/:/usr/lib/../lib/:/usr/lib/gcc/aarch64-linux-gnu/4.8/../../../:/lib/:/usr/lib/]
  ignore line: [COLLECT_GCC_OPTIONS='-v' '-o' 'cmTryCompileExec4141602551' '-rdynamic']
  link line: [ /usr/lib/gcc/aarch64-linux-gnu/4.8/collect2 --sysroot=/ --build-id --eh-frame-hdr --hash-style=gnu --as-needed -export-dynamic -dynamic-linker /lib/ld-linux-aarch64.so.1 -X -z relro -o cmTryCompileExec4141602551 /usr/lib/gcc/aarch64-linux-gnu/4.8/../../../aarch64-linux-gnu/crt1.o /usr/lib/gcc/aarch64-linux-gnu/4.8/../../../aarch64-linux-gnu/crti.o /usr/lib/gcc/aarch64-linux-gnu/4.8/crtbegin.o -L/usr/lib/gcc/aarch64-linux-gnu/4.8 -L/usr/lib/gcc/aarch64-linux-gnu/4.8/../../../aarch64-linux-gnu -L/usr/lib/gcc/aarch64-linux-gnu/4.8/../../../../lib -L/lib/aarch64-linux-gnu -L/lib/../lib -L/usr/lib/aarch64-linux-gnu -L/usr/lib/../lib -L/usr/lib/gcc/aarch64-linux-gnu/4.8/../../.. CMakeFiles/cmTryCompileExec4141602551.dir/CMakeCCompilerABI.c.o -lgcc --as-needed -lgcc_s --no-as-needed -lc -lgcc --as-needed -lgcc_s --no-as-needed /usr/lib/gcc/aarch64-linux-gnu/4.8/crtend.o /usr/lib/gcc/aarch64-linux-gnu/4.8/../../../aarch64-linux-gnu/crtn.o]
    arg [/usr/lib/gcc/aarch64-linux-gnu/4.8/collect2] ==> ignore
    arg [--sysroot=/] ==> ignore
    arg [--build-id] ==> ignore
    arg [--eh-frame-hdr] ==> ignore
    arg [--hash-style=gnu] ==> ignore
    arg [--as-needed] ==> ignore
    arg [-export-dynamic] ==> ignore
    arg [-dynamic-linker] ==> ignore
    arg [/lib/ld-linux-aarch64.so.1] ==> ignore
    arg [-X] ==> ignore
    arg [-zrelro] ==> ignore
    arg [-o] ==> ignore
    arg [cmTryCompileExec4141602551] ==> ignore
    arg [/usr/lib/gcc/aarch64-linux-gnu/4.8/../../../aarch64-linux-gnu/crt1.o] ==> ignore
    arg [/usr/lib/gcc/aarch64-linux-gnu/4.8/../../../aarch64-linux-gnu/crti.o] ==> ignore
    arg [/usr/lib/gcc/aarch64-linux-gnu/4.8/crtbegin.o] ==> ignore
    arg [-L/usr/lib/gcc/aarch64-linux-gnu/4.8] ==> dir [/usr/lib/gcc/aarch64-linux-gnu/4.8]
    arg [-L/usr/lib/gcc/aarch64-linux-gnu/4.8/../../../aarch64-linux-gnu] ==> dir [/usr/lib/gcc/aarch64-linux-gnu/4.8/../../../aarch64-linux-gnu]
    arg [-L/usr/lib/gcc/aarch64-linux-gnu/4.8/../../../../lib] ==> dir [/usr/lib/gcc/aarch64-linux-gnu/4.8/../../../../lib]
    arg [-L/lib/aarch64-linux-gnu] ==> dir [/lib/aarch64-linux-gnu]
    arg [-L/lib/../lib] ==> dir [/lib/../lib]
    arg [-L/usr/lib/aarch64-linux-gnu] ==> dir [/usr/lib/aarch64-linux-gnu]
    arg [-L/usr/lib/../lib] ==> dir [/usr/lib/../lib]
    arg [-L/usr/lib/gcc/aarch64-linux-gnu/4.8/../../..] ==> dir [/usr/lib/gcc/aarch64-linux-gnu/4.8/../../..]
    arg [CMakeFiles/cmTryCompileExec4141602551.dir/CMakeCCompilerABI.c.o] ==> ignore
    arg [-lgcc] ==> lib [gcc]
    arg [--as-needed] ==> ignore
    arg [-lgcc_s] ==> lib [gcc_s]
    arg [--no-as-needed] ==> ignore
    arg [-lc] ==> lib [c]
    arg [-lgcc] ==> lib [gcc]
    arg [--as-needed] ==> ignore
    arg [-lgcc_s] ==> lib [gcc_s]
    arg [--no-as-needed] ==> ignore
    arg [/usr/lib/gcc/aarch64-linux-gnu/4.8/crtend.o] ==> ignore
    arg [/usr/lib/gcc/aarch64-linux-gnu/4.8/../../../aarch64-linux-gnu/crtn.o] ==> ignore
  remove lib [gcc]
  remove lib [gcc_s]
  remove lib [gcc]
  remove lib [gcc_s]
  collapse library dir [/usr/lib/gcc/aarch64-linux-gnu/4.8] ==> [/usr/lib/gcc/aarch64-linux-gnu/4.8]
  collapse library dir [/usr/lib/gcc/aarch64-linux-gnu/4.8/../../../aarch64-linux-gnu] ==> [/usr/lib/aarch64-linux-gnu]
  collapse library dir [/usr/lib/gcc/aarch64-linux-gnu/4.8/../../../../lib] ==> [/usr/lib]
  collapse library dir [/lib/aarch64-linux-gnu] ==> [/lib/aarch64-linux-gnu]
  collapse library dir [/lib/../lib] ==> [/lib]
  collapse library dir [/usr/lib/aarch64-linux-gnu] ==> [/usr/lib/aarch64-linux-gnu]
  collapse library dir [/usr/lib/../lib] ==> [/usr/lib]
  collapse library dir [/usr/lib/gcc/aarch64-linux-gnu/4.8/../../..] ==> [/usr/lib]
  implicit libs: [c]
  implicit dirs: [/usr/lib/gcc/aarch64-linux-gnu/4.8;/usr/lib/aarch64-linux-gnu;/usr/lib;/lib/aarch64-linux-gnu;/lib]
  implicit fwks: []


Determining if the CXX compiler works passed with the following output:
Change Dir: /home/ubuntu/projects/lowpoly/src/build/CMakeFiles/CMakeTmp

Run Build Command:/usr/bin/make "cmTryCompileExec2490652958/fast"
/usr/bin/make -f CMakeFiles/cmTryCompileExec2490652958.dir/build.make CMakeFiles/cmTryCompileExec2490652958.dir/build
make[1]: Entering directory `/home/ubuntu/projects/lowpoly/src/build/CMakeFiles/CMakeTmp'
/usr/bin/cmake -E cmake_progress_report /home/ubuntu/projects/lowpoly/src/build/CMakeFiles/CMakeTmp/CMakeFiles 1
Building CXX object CMakeFiles/cmTryCompileExec2490652958.dir/testCXXCompiler.cxx.o
/usr/bin/c++     -o CMakeFiles/cmTryCompileExec2490652958.dir/testCXXCompiler.cxx.o -c /home/ubuntu/projects/lowpoly/src/build/CMakeFiles/CMakeTmp/testCXXCompiler.cxx
Linking CXX executable cmTryCompileExec2490652958
/usr/bin/cmake -E cmake_link_script CMakeFiles/cmTryCompileExec2490652958.dir/link.txt --verbose=1
/usr/bin/c++        CMakeFiles/cmTryCompileExec2490652958.dir/testCXXCompiler.cxx.o  -o cmTryCompileExec2490652958 -rdynamic 
make[1]: Leaving directory `/home/ubuntu/projects/lowpoly/src/build/CMakeFiles/CMakeTmp'


Detecting CXX compiler ABI info compiled with the following output:
Change Dir: /home/ubuntu/projects/lowpoly/src/build/CMakeFiles/CMakeTmp

Run Build Command:/usr/bin/make "cmTryCompileExec2013443795/fast"
/usr/bin/make -f CMakeFiles/cmTryCompileExec2013443795.dir/build.make CMakeFiles/cmTryCompileExec2013443795.dir/build
make[1]: Entering directory `/home/ubuntu/projects/lowpoly/src/build/CMakeFiles/CMakeTmp'
/usr/bin/cmake -E cmake_progress_report /home/ubuntu/projects/lowpoly/src/build/CMakeFiles/CMakeTmp/CMakeFiles 1
Building CXX object CMakeFiles/cmTryCompileExec2013443795.dir/CMakeCXXCompilerABI.cpp.o
/usr/bin/c++     -o CMakeFiles/cmTryCompileExec2013443795.dir/CMakeCXXCompilerABI.cpp.o -c /usr/share/cmake-2.8/Modules/CMakeCXXCompilerABI.cpp
Linking CXX executable cmTryCompileExec2013443795
/usr/bin/cmake -E cmake_link_script CMakeFiles/cmTryCompileExec2013443795.dir/link.txt --verbose=1
/usr/bin/c++      -v CMakeFiles/cmTryCompileExec2013443795.dir/CMakeCXXCompilerABI.cpp.o  -o cmTryCompileExec2013443795 -rdynamic  
Using built-in specs.
COLLECT_GCC=/usr/bin/c++
COLLECT_LTO_WRAPPER=/usr/lib/gcc/aarch64-linux-gnu/4.8/lto-wrapper
Target: aarch64-linux-gnu
Configured with: ../src/configure -v --with-pkgversion='Ubuntu/Linaro 4.8.4-2ubuntu1~14.04.4' --with-bugurl=file:///usr/share/doc/gcc-4.8/README.Bugs --enable-languages=c,c++,java,go,d,fortran,objc,obj-c++ --prefix=/usr --program-suffix=-4.8 --enable-shared --enable-linker-build-id --libexecdir=/usr/lib --without-included-gettext --enable-threads=posix --with-gxx-include-dir=/usr/include/c++/4.8 --libdir=/usr/lib --enable-nls --with-sysroot=/ --enable-clocale=gnu --enable-libstdcxx-debug --enable-libstdcxx-time=yes --enable-gnu-unique-object --disable-libmudflap --disable-libsanitizer --disable-libquadmath --enable-plugin --with-system-zlib --disable-browser-plugin --enable-java-awt=gtk --enable-gtk-cairo --with-java-home=/usr/lib/jvm/java-1.5.0-gcj-4.8-arm64/jre --enable-java-home --with-jvm-root-dir=/usr/lib/jvm/java-1.5.0-gcj-4.8-arm64 --with-jvm-jar-dir=/usr/lib/jvm-exports/java-1.5.0-gcj-4.8-arm64 --with-arch-directory=arm64 --with-ecj-jar=/usr/share/java/eclipse-ecj.jar --enable-multiarch --disable-werror --enable-checking=release --build=aarch64-linux-gnu --host=aarch64-linux-gnu --target=aarch64-linux-gnu
Thread model: posix
gcc version 4.8.4 (Ubuntu/Linaro 4.8.4-2ubuntu1~14.04.4) 
COMPILER_PATH=/usr/lib/gcc/aarch64-linux-gnu/4.8/:/usr/lib/gcc/aarch64-linux-gnu/4.8/:/usr/lib/gcc/aarch64-linux-gnu/:/usr/lib/gcc/aarch64-linux-gnu/4.8/:/usr/lib/gcc/aarch64-linux-gnu/
LIBRARY_PATH=/usr/lib/gcc/aarch64-linux-gnu/4.8/:/usr/lib/gcc/aarch64-linux-gnu/4.8/../../../aarch64-linux-gnu/:/usr/lib/gcc/aarch64-linux-gnu/4.8/../../../../lib/:/lib/aarch64-linux-gnu/:/lib/../lib/:/usr/lib/aarch64-linux-gnu/:/usr/lib/../lib/:/usr/lib/gcc/aarch64-linux-gnu/4.8/../../../:/lib/:/usr/lib/
COLLECT_GCC_OPTIONS='-v' '-o' 'cmTryCompileExec2013443795' '-rdynamic' '-shared-libgcc'
 /usr/lib/gcc/aarch64-linux-gnu/4.8/collect2 --sysroot=/ --build-id --eh-frame-hdr --hash-style=gnu --as-needed -export-dynamic -dynamic-linker /lib/ld-linux-aarch64.so.1 -X -z relro -o cmTryCompileExec2013443795 /usr/lib/gcc/aarch64-linux-gnu/4.8/../../../aarch64-linux-gnu/crt1.o /usr/lib/gcc/aarch64-linux-gnu/4.8/../../../aarch64-linux-gnu/crti.o /usr/lib/gcc/aarch64-linux-gnu/4.8/crtbegin.o -L/usr/lib/gcc/aarch64-linux-gnu/4.8 -L/usr/lib/gcc/aarch64-linux-gnu/4.8/../../../aarch64-linux-gnu -L/usr/lib/gcc/aarch64-linux-gnu/4.8/../../../../lib -L/lib/aarch64-linux-gnu -L/lib/../lib -L/usr/lib/aarch64-linux-gnu -L/usr/lib/../lib -L/usr/lib/gcc/aarch64-linux-gnu/4.8/../../.. CMakeFiles/cmTryCompileExec2013443795.dir/CMakeCXXCompilerABI.cpp.o -lstdc++ -lm -lgcc_s -lgcc -lc -lgcc_s -lgcc /usr/lib/gcc/aarch64-linux-gnu/4.8/crtend.o /usr/lib/gcc/aarch64-linux-gnu/4.8/../../../aarch64-linux-gnu/crtn.o
make[1]: Leaving directory `/home/ubuntu/projects/lowpoly/src/build/CMakeFiles/CMakeTmp'


Parsed CXX implicit link information from above output:
  link line regex: [^( *|.*[/\])(ld|([^/\]+-)?ld|collect2)[^/\]*( |$)]
  ignore line: [Change Dir: /home/ubuntu/projects/lowpoly/src/build/CMakeFiles/CMakeTmp]
  ignore line: []
  ignore line: [Run Build Command:/usr/bin/make "cmTryCompileExec2013443795/fast"]
  ignore line: [/usr/bin/make -f CMakeFiles/cmTryCompileExec2013443795.dir/build.make CMakeFiles/cmTryCompileExec2013443795.dir/build]
  ignore line: [make[1]: Entering directory `/home/ubuntu/projects/lowpoly/src/build/CMakeFiles/CMakeTmp']
  ignore line: [/usr/bin/cmake -E cmake_progress_report /home/ubuntu/projects/lowpoly/src/build/CMakeFiles/CMakeTmp/CMakeFiles 1]
  ignore line: [Building CXX object CMakeFiles/cmTryCompileExec2013443795.dir/CMakeCXXCompilerABI.cpp.o]
  ignore line: [/usr/bin/c++     -o CMakeFiles/cmTryCompileExec2013443795.dir/CMakeCXXCompilerABI.cpp.o -c /usr/share/cmake-2.8/Modules/CMakeCXXCompilerABI.cpp]
  ignore line: [Linking CXX executable cmTryCompileExec2013443795]
  ignore line: [/usr/bin/cmake -E cmake_link_script CMakeFiles/cmTryCompileExec2013443795.dir/link.txt --verbose=1]
  ignore line: [/usr/bin/c++      -v CMakeFiles/cmTryCompileExec2013443795.dir/CMakeCXXCompilerABI.cpp.o  -o cmTryCompileExec2013443795 -rdynamic  ]
  ignore line: [Using built-in specs.]
  ignore line: [COLLECT_GCC=/usr/bin/c++]
  ignore line: [COLLECT_LTO_WRAPPER=/usr/lib/gcc/aarch64-linux-gnu/4.8/lto-wrapper]
  ignore line: [Target: aarch64-linux-gnu]
  ignore line: [Configured with: ../src/configure -v --with-pkgversion='Ubuntu/Linaro 4.8.4-2ubuntu1~14.04.4' --with-bugurl=file:///usr/share/doc/gcc-4.8/README.Bugs --enable-languages=c,c++,java,go,d,fortran,objc,obj-c++ --prefix=/usr --program-suffix=-4.8 --enable-shared --enable-linker-build-id --libexecdir=/usr/lib --without-included-gettext --enable-threads=posix --with-gxx-include-dir=/usr/include/c++/4.8 --libdir=/usr/lib --enable-nls --with-sysroot=/ --enable-clocale=gnu --enable-libstdcxx-debug --enable-libstdcxx-time=yes --enable-gnu-unique-object --disable-libmudflap --disable-libsanitizer --disable-libquadmath --enable-plugin --with-system-zlib --disable-browser-plugin --enable-java-awt=gtk --enable-gtk-cairo --with-java-home=/usr/lib/jvm/java-1.5.0-gcj-4.8-arm64/jre --enable-java-home --with-jvm-root-dir=/usr/lib/jvm/java-1.5.0-gcj-4.8-arm64 --with-jvm-jar-dir=/usr/lib/jvm-exports/java-1.5.0-gcj-4.8-arm64 --with-arch-directory=arm64 --with-ecj-jar=/usr/share/java/eclipse-ecj.jar --enable-multiarch --disable-werror --enable-checking=release --build=aarch64-linux-gnu --host=aarch64-linux-gnu --target=aarch64-linux-gnu]
  ignore line: [Thread model: posix]
  ignore line: [gcc version 4.8.4 (Ubuntu/Linaro 4.8.4-2ubuntu1~14.04.4) ]
  ignore line: [COMPILER_PATH=/usr/lib/gcc/aarch64-linux-gnu/4.8/:/usr/lib/gcc/aarch64-linux-gnu/4.8/:/usr/lib/gcc/aarch64-linux-gnu/:/usr/lib/gcc/aarch64-linux-gnu/4.8/:/usr/lib/gcc/aarch64-linux-gnu/]
  ignore line: [LIBRARY_PATH=/usr/lib/gcc/aarch64-linux-gnu/4.8/:/usr/lib/gcc/aarch64-linux-gnu/4.8/../../../aarch64-linux-gnu/:/usr/lib/gcc/aarch64-linux-gnu/4.8/../../../../lib/:/lib/aarch64-linux-gnu/:/lib/../lib/:/usr/lib/aarch64-linux-gnu/:/usr/lib/../lib/:/usr/lib/gcc/aarch64-linux-gnu/4.8/../../../:/lib/:/usr/lib/]
  ignore line: [COLLECT_GCC_OPTIONS='-v' '-o' 'cmTryCompileExec2013443795' '-rdynamic' '-shared-libgcc']
  link line: [ /usr/lib/gcc/aarch64-linux-gnu/4.8/collect2 --sysroot=/ --build-id --eh-frame-hdr --hash-style=gnu --as-needed -export-dynamic -dynamic-linker /lib/ld-linux-aarch64.so.1 -X -z relro -o cmTryCompileExec2013443795 /usr/lib/gcc/aarch64-linux-gnu/4.8/../../../aarch64-linux-gnu/crt1.o /usr/lib/gcc/aarch64-linux-gnu/4.8/../../../aarch64-linux-gnu/crti.o /usr/lib/gcc/aarch64-linux-gnu/4.8/crtbegin.o -L/usr/lib/gcc/aarch64-linux-gnu/4.8 -L/usr/lib/gcc/aarch64-linux-gnu/4.8/../../../aarch64-linux-gnu -L/usr/lib/gcc/aarch64-linux-gnu/4.8/../../../../lib -L/lib/aarch64-linux-gnu -L/lib/../lib -L/usr/lib/aarch64-linux-gnu -L/usr/lib/../lib -L/usr/lib/gcc/aarch64-linux-gnu/4.8/../../.. CMakeFiles/cmTryCompileExec2013443795.dir/CMakeCXXCompilerABI.cpp.o -lstdc++ -lm -lgcc_s -lgcc -lc -lgcc_s -lgcc /usr/lib/gcc/aarch64-linux-gnu/4.8/crtend.o /usr/lib/gcc/aarch64-linux-gnu/4.8/../../../aarch64-linux-gnu/crtn.o]
    arg [/usr/lib/gcc/aarch64-linux-gnu/4.8/collect2] ==> ignore
    arg [--sysroot=/] ==> ignore
    arg [--build-id] ==> ignore
    arg [--eh-frame-hdr] ==> ignore
    arg [--hash-style=gnu] ==> ignore
    arg [--as-needed] ==> ignore
    arg [-export-dynamic] ==> ignore
    arg [-dynamic-linker] ==> ignore
    arg [/lib/ld-linux-aarch64.so.1] ==> ignore
    arg [-X] ==> ignore
    arg [-zrelro] ==> ignore
    arg [-o] ==> ignore
    arg [cmTryCompileExec2013443795] ==> ignore
    arg [/usr/lib/gcc/aarch64-linux-gnu/4.8/../../../aarch64-linux-gnu/crt1.o] ==> ignore
    arg [/usr/lib/gcc/aarch64-linux-gnu/4.8/../../../aarch64-linux-gnu/crti.o] ==> ignore
    arg [/usr/lib/gcc/aarch64-linux-gnu/4.8/crtbegin.o] ==> ignore
    arg [-L/usr/lib/gcc/aarch64-linux-gnu/4.8] ==> dir [/usr/lib/gcc/aarch64-linux-gnu/4.8]
    arg [-L/usr/lib/gcc/aarch64-linux-gnu/4.8/../../../aarch64-linux-gnu] ==> dir [/usr/lib/gcc/aarch64-linux-gnu/4.8/../../../aarch64-linux-gnu]
    arg [-L/usr/lib/gcc/aarch64-linux-gnu/4.8/../../../../lib] ==> dir [/usr/lib/gcc/aarch64-linux-gnu/4.8/../../../../lib]
    arg [-L/lib/aarch64-linux-gnu] ==> dir [/lib/aarch64-linux-gnu]
    arg [-L/lib/../lib] ==> dir [/lib/../lib]
    arg [-L/usr/lib/aarch64-linux-gnu] ==> dir [/usr/lib/aarch64-linux-gnu]
    arg [-L/usr/lib/../lib] ==> dir [/usr/lib/../lib]
    arg [-L/usr/lib/gcc/aarch64-linux-gnu/4.8/../../..] ==> dir [/usr/lib/gcc/aarch64-linux-gnu/4.8/../../..]
    arg [CMakeFiles/cmTryCompileExec2013443795.dir/CMakeCXXCompilerABI.cpp.o] ==> ignore
    arg [-lstdc++] ==> lib [stdc++]
    arg [-lm] ==> lib [m]
    arg [-lgcc_s] ==> lib [gcc_s]
    arg [-lgcc] ==> lib [gcc]
    arg [-lc] ==> lib [c]
    arg [-lgcc_s] ==> lib [gcc_s]
    arg [-lgcc] ==> lib [gcc]
    arg [/usr/lib/gcc/aarch64-linux-gnu/4.8/crtend.o] ==> ignore
    arg [/usr/lib/gcc/aarch64-linux-gnu/4.8/../../../aarch64-linux-gnu/crtn.o] ==> ignore
  remove lib [gcc_s]
  remove lib [gcc]
  remove lib [gcc_s]
  remove lib [gcc]
  collapse library dir [/usr/lib/gcc/aarch64-linux-gnu/4.8] ==> [/usr/lib/gcc/aarch64-linux-gnu/4.8]
  collapse library dir [/usr/lib/gcc/aarch64-linux-gnu/4.8/../../../aarch64-linux-gnu] ==> [/usr/lib/aarch64-linux-gnu]
  collapse library dir [/usr/lib/gcc/aarch64-linux-gnu/4.8/../../../../lib] ==> [/usr/lib]
  collapse library dir [/lib/aarch64-linux-gnu] ==> [/lib/aarch64-linux-gnu]
  collapse library dir [/lib/../lib] ==> [/lib]
  collapse library dir [/usr/lib/aarch64-linux-gnu] ==> [/usr/lib/aarch64-linux-gnu]
  collapse library dir [/usr/lib/../lib] ==> [/usr/lib]
  collapse library dir [/usr/lib/gcc/aarch64-linux-gnu/4.8/../../..] ==> [/usr/lib]
  implicit libs: [stdc++;m;c]
  implicit dirs: [/usr/lib/gcc/aarch64-linux-gnu/4.8;/usr/lib/aarch64-linux-gnu;/usr/lib;/lib/aarch64-linux-gnu;/lib]
  implicit fwks: []


The system is: Linux - 3.10.96-tegra - aarch64
Compiling the C compiler identification source file "CMakeCCompilerId.c" succeeded.
Compiler: /usr/bin/cc 
Build flags: 
Id flags: 

The output was:
0


Compilation of the C compiler identification source "CMakeCCompilerId.c" produced "a.out"

The C compiler identification is GNU, found in "/home/ubuntu/projects/lowpoly/src/build/CMakeFiles/3.5.1/CompilerIdC/a.out"

Compiling the CXX compiler identification source file "CMakeCXXCompilerId.cpp" succeeded.
Compiler: /usr/bin/c++ 
Build flags: ;-std=c++0x
Id flags: 

The output was:
0


Compilation of the CXX compiler identification source "CMakeCXXCompilerId.cpp" produced "a.out"

The CXX compiler identification is GNU, found in "/home/ubuntu/projects/lowpoly/src/build/CMakeFiles/3.5.1/CompilerIdCXX/a.out"

Determining if the C compiler works passed with the following output:
Change Dir: /home/ubuntu/projects/lowpoly/src/build/CMakeFiles/CMakeTmp

Run Build Command:"/usr/bin/make" "cmTC_da502/fast"
/usr/bin/make -f CMakeFiles/cmTC_da502.dir/build.make CMakeFiles/cmTC_da502.dir/build
make[1]: Entering directory `/home/ubuntu/projects/lowpoly/src/build/CMakeFiles/CMakeTmp'
Building C object CMakeFiles/cmTC_da502.dir/testCCompiler.c.o
/usr/bin/cc     -o CMakeFiles/cmTC_da502.dir/testCCompiler.c.o   -c /home/ubuntu/projects/lowpoly/src/build/CMakeFiles/CMakeTmp/testCCompiler.c
Linking C executable cmTC_da502
/usr/bin/cmake -E cmake_link_script CMakeFiles/cmTC_da502.dir/link.txt --verbose=1
/usr/bin/cc       CMakeFiles/cmTC_da502.dir/testCCompiler.c.o  -o cmTC_da502 -rdynamic 
make[1]: Leaving directory `/home/ubuntu/projects/lowpoly/src/build/CMakeFiles/CMakeTmp'


Detecting C compiler ABI info compiled with the following output:
Change Dir: /home/ubuntu/projects/lowpoly/src/build/CMakeFiles/CMakeTmp

Run Build Command:"/usr/bin/make" "cmTC_00b7f/fast"
/usr/bin/make -f CMakeFiles/cmTC_00b7f.dir/build.make CMakeFiles/cmTC_00b7f.dir/build
make[1]: Entering directory `/home/ubuntu/projects/lowpoly/src/build/CMakeFiles/CMakeTmp'
Building C object CMakeFiles/cmTC_00b7f.dir/CMakeCCompilerABI.c.o
/usr/bin/cc     -o CMakeFiles/cmTC_00b7f.dir/CMakeCCompilerABI.c.o   -c /usr/share/cmake-3.5/Modules/CMakeCCompilerABI.c
Linking C executable cmTC_00b7f
/usr/bin/cmake -E cmake_link_script CMakeFiles/cmTC_00b7f.dir/link.txt --verbose=1
/usr/bin/cc      -v CMakeFiles/cmTC_00b7f.dir/CMakeCCompilerABI.c.o  -o cmTC_00b7f -rdynamic  
Using built-in specs.
COLLECT_GCC=/usr/bin/cc
COLLECT_LTO_WRAPPER=/usr/lib/gcc/aarch64-linux-gnu/4.8/lto-wrapper
Target: aarch64-linux-gnu
Configured with: ../src/configure -v --with-pkgversion='Ubuntu/Linaro 4.8.4-2ubuntu1~14.04.4' --with-bugurl=file:///usr/share/doc/gcc-4.8/README.Bugs --enable-languages=c,c++,java,go,d,fortran,objc,obj-c++ --prefix=/usr --program-suffix=-4.8 --enable-shared --enable-linker-build-id --libexecdir=/usr/lib --without-included-gettext --enable-threads=posix --with-gxx-include-dir=/usr/include/c++/4.8 --libdir=/usr/lib --enable-nls --with-sysroot=/ --enable-clocale=gnu --enable-libstdcxx-debug --enable-libstdcxx-time=yes --enable-gnu-unique-object --disable-libmudflap --disable-libsanitizer --disable-libquadmath --enable-plugin --with-system-zlib --disable-browser-plugin --enable-java-awt=gtk --enable-gtk-cairo --with-java-home=/usr/lib/jvm/java-1.5.0-gcj-4.8-arm64/jre --enable-java-home --with-jvm-root-dir=/usr/lib/jvm/java-1.5.0-gcj-4.8-arm64 --with-jvm-jar-dir=/usr/lib/jvm-exports/java-1.5.0-gcj-4.8-arm64 --with-arch-directory=arm64 --with-ecj-jar=/usr/share/java/eclipse-ecj.jar --enable-multiarch --disable-werror --enable-checking=release --build=aarch64-linux-gnu --host=aarch64-linux-gnu --target=aarch64-linux-gnu
Thread model: posix
gcc version 4.8.4 (Ubuntu/Linaro 4.8.4-2ubuntu1~14.04.4) 
COMPILER_PATH=/usr/lib/gcc/aarch64-linux-gnu/4.8/:/usr/lib/gcc/aarch64-linux-gnu/4.8/:/usr/lib/gcc/aarch64-linux-gnu/:/usr/lib/gcc/aarch64-linux-gnu/4.8/:/usr/lib/gcc/aarch64-linux-gnu/
LIBRARY_PATH=/usr/lib/gcc/aarch64-linux-gnu/4.8/:/usr/lib/gcc/aarch64-linux-gnu/4.8/../../../aarch64-linux-gnu/:/usr/lib/gcc/aarch64-linux-gnu/4.8/../../../../lib/:/lib/aarch64-linux-gnu/:/lib/../lib/:/usr/lib/aarch64-linux-gnu/:/usr/lib/../lib/:/usr/lib/gcc/aarch64-linux-gnu/4.8/../../../:/lib/:/usr/lib/
COLLECT_GCC_OPTIONS='-v' '-o' 'cmTC_00b7f' '-rdynamic'
 /usr/lib/gcc/aarch64-linux-gnu/4.8/collect2 --sysroot=/ --build-id --eh-frame-hdr --hash-style=gnu --as-needed -export-dynamic -dynamic-linker /lib/ld-linux-aarch64.so.1 -X -z relro -o cmTC_00b7f /usr/lib/gcc/aarch64-linux-gnu/4.8/../../../aarch64-linux-gnu/crt1.o /usr/lib/gcc/aarch64-linux-gnu/4.8/../../../aarch64-linux-gnu/crti.o /usr/lib/gcc/aarch64-linux-gnu/4.8/crtbegin.o -L/usr/lib/gcc/aarch64-linux-gnu/4.8 -L/usr/lib/gcc/aarch64-linux-gnu/4.8/../../../aarch64-linux-gnu -L/usr/lib/gcc/aarch64-linux-gnu/4.8/../../../../lib -L/lib/aarch64-linux-gnu -L/lib/../lib -L/usr/lib/aarch64-linux-gnu -L/usr/lib/../lib -L/usr/lib/gcc/aarch64-linux-gnu/4.8/../../.. CMakeFiles/cmTC_00b7f.dir/CMakeCCompilerABI.c.o -lgcc --as-needed -lgcc_s --no-as-needed -lc -lgcc --as-needed -lgcc_s --no-as-needed /usr/lib/gcc/aarch64-linux-gnu/4.8/crtend.o /usr/lib/gcc/aarch64-linux-gnu/4.8/../../../aarch64-linux-gnu/crtn.o
make[1]: Leaving directory `/home/ubuntu/projects/lowpoly/src/build/CMakeFiles/CMakeTmp'


Parsed C implicit link information from above output:
  link line regex: [^( *|.*[/\])(ld|([^/\]+-)?ld|collect2)[^/\]*( |$)]
  ignore line: [Change Dir: /home/ubuntu/projects/lowpoly/src/build/CMakeFiles/CMakeTmp]
  ignore line: []
  ignore line: [Run Build Command:"/usr/bin/make" "cmTC_00b7f/fast"]
  ignore line: [/usr/bin/make -f CMakeFiles/cmTC_00b7f.dir/build.make CMakeFiles/cmTC_00b7f.dir/build]
  ignore line: [make[1]: Entering directory `/home/ubuntu/projects/lowpoly/src/build/CMakeFiles/CMakeTmp']
  ignore line: [Building C object CMakeFiles/cmTC_00b7f.dir/CMakeCCompilerABI.c.o]
  ignore line: [/usr/bin/cc     -o CMakeFiles/cmTC_00b7f.dir/CMakeCCompilerABI.c.o   -c /usr/share/cmake-3.5/Modules/CMakeCCompilerABI.c]
  ignore line: [Linking C executable cmTC_00b7f]
  ignore line: [/usr/bin/cmake -E cmake_link_script CMakeFiles/cmTC_00b7f.dir/link.txt --verbose=1]
  ignore line: [/usr/bin/cc      -v CMakeFiles/cmTC_00b7f.dir/CMakeCCompilerABI.c.o  -o cmTC_00b7f -rdynamic  ]
  ignore line: [Using built-in specs.]
  ignore line: [COLLECT_GCC=/usr/bin/cc]
  ignore line: [COLLECT_LTO_WRAPPER=/usr/lib/gcc/aarch64-linux-gnu/4.8/lto-wrapper]
  ignore line: [Target: aarch64-linux-gnu]
  ignore line: [Configured with: ../src/configure -v --with-pkgversion='Ubuntu/Linaro 4.8.4-2ubuntu1~14.04.4' --with-bugurl=file:///usr/share/doc/gcc-4.8/README.Bugs --enable-languages=c,c++,java,go,d,fortran,objc,obj-c++ --prefix=/usr --program-suffix=-4.8 --enable-shared --enable-linker-build-id --libexecdir=/usr/lib --without-included-gettext --enable-threads=posix --with-gxx-include-dir=/usr/include/c++/4.8 --libdir=/usr/lib --enable-nls --with-sysroot=/ --enable-clocale=gnu --enable-libstdcxx-debug --enable-libstdcxx-time=yes --enable-gnu-unique-object --disable-libmudflap --disable-libsanitizer --disable-libquadmath --enable-plugin --with-system-zlib --disable-browser-plugin --enable-java-awt=gtk --enable-gtk-cairo --with-java-home=/usr/lib/jvm/java-1.5.0-gcj-4.8-arm64/jre --enable-java-home --with-jvm-root-dir=/usr/lib/jvm/java-1.5.0-gcj-4.8-arm64 --with-jvm-jar-dir=/usr/lib/jvm-exports/java-1.5.0-gcj-4.8-arm64 --with-arch-directory=arm64 --with-ecj-jar=/usr/share/java/eclipse-ecj.jar --enable-multiarch --disable-werror --enable-checking=release --build=aarch64-linux-gnu --host=aarch64-linux-gnu --target=aarch64-linux-gnu]
  ignore line: [Thread model: posix]
  ignore line: [gcc version 4.8.4 (Ubuntu/Linaro 4.8.4-2ubuntu1~14.04.4) ]
  ignore line: [COMPILER_PATH=/usr/lib/gcc/aarch64-linux-gnu/4.8/:/usr/lib/gcc/aarch64-linux-gnu/4.8/:/usr/lib/gcc/aarch64-linux-gnu/:/usr/lib/gcc/aarch64-linux-gnu/4.8/:/usr/lib/gcc/aarch64-linux-gnu/]
  ignore line: [LIBRARY_PATH=/usr/lib/gcc/aarch64-linux-gnu/4.8/:/usr/lib/gcc/aarch64-linux-gnu/4.8/../../../aarch64-linux-gnu/:/usr/lib/gcc/aarch64-linux-gnu/4.8/../../../../lib/:/lib/aarch64-linux-gnu/:/lib/../lib/:/usr/lib/aarch64-linux-gnu/:/usr/lib/../lib/:/usr/lib/gcc/aarch64-linux-gnu/4.8/../../../:/lib/:/usr/lib/]
  ignore line: [COLLECT_GCC_OPTIONS='-v' '-o' 'cmTC_00b7f' '-rdynamic']
  link line: [ /usr/lib/gcc/aarch64-linux-gnu/4.8/collect2 --sysroot=/ --build-id --eh-frame-hdr --hash-style=gnu --as-needed -export-dynamic -dynamic-linker /lib/ld-linux-aarch64.so.1 -X -z relro -o cmTC_00b7f /usr/lib/gcc/aarch64-linux-gnu/4.8/../../../aarch64-linux-gnu/crt1.o /usr/lib/gcc/aarch64-linux-gnu/4.8/../../../aarch64-linux-gnu/crti.o /usr/lib/gcc/aarch64-linux-gnu/4.8/crtbegin.o -L/usr/lib/gcc/aarch64-linux-gnu/4.8 -L/usr/lib/gcc/aarch64-linux-gnu/4.8/../../../aarch64-linux-gnu -L/usr/lib/gcc/aarch64-linux-gnu/4.8/../../../../lib -L/lib/aarch64-linux-gnu -L/lib/../lib -L/usr/lib/aarch64-linux-gnu -L/usr/lib/../lib -L/usr/lib/gcc/aarch64-linux-gnu/4.8/../../.. CMakeFiles/cmTC_00b7f.dir/CMakeCCompilerABI.c.o -lgcc --as-needed -lgcc_s --no-as-needed -lc -lgcc --as-needed -lgcc_s --no-as-needed /usr/lib/gcc/aarch64-linux-gnu/4.8/crtend.o /usr/lib/gcc/aarch64-linux-gnu/4.8/../../../aarch64-linux-gnu/crtn.o]
    arg [/usr/lib/gcc/aarch64-linux-gnu/4.8/collect2] ==> ignore
    arg [--sysroot=/] ==> ignore
    arg [--build-id] ==> ignore
    arg [--eh-frame-hdr] ==> ignore
    arg [--hash-style=gnu] ==> ignore
    arg [--as-needed] ==> ignore
    arg [-export-dynamic] ==> ignore
    arg [-dynamic-linker] ==> ignore
    arg [/lib/ld-linux-aarch64.so.1] ==> ignore
    arg [-X] ==> ignore
    arg [-zrelro] ==> ignore
    arg [-o] ==> ignore
    arg [cmTC_00b7f] ==> ignore
    arg [/usr/lib/gcc/aarch64-linux-gnu/4.8/../../../aarch64-linux-gnu/crt1.o] ==> ignore
    arg [/usr/lib/gcc/aarch64-linux-gnu/4.8/../../../aarch64-linux-gnu/crti.o] ==> ignore
    arg [/usr/lib/gcc/aarch64-linux-gnu/4.8/crtbegin.o] ==> ignore
    arg [-L/usr/lib/gcc/aarch64-linux-gnu/4.8] ==> dir [/usr/lib/gcc/aarch64-linux-gnu/4.8]
    arg [-L/usr/lib/gcc/aarch64-linux-gnu/4.8/../../../aarch64-linux-gnu] ==> dir [/usr/lib/gcc/aarch64-linux-gnu/4.8/../../../aarch64-linux-gnu]
    arg [-L/usr/lib/gcc/aarch64-linux-gnu/4.8/../../../../lib] ==> dir [/usr/lib/gcc/aarch64-linux-gnu/4.8/../../../../lib]
    arg [-L/lib/aarch64-linux-gnu] ==> dir [/lib/aarch64-linux-gnu]
    arg [-L/lib/../lib] ==> dir [/lib/../lib]
    arg [-L/usr/lib/aarch64-linux-gnu] ==> dir [/usr/lib/aarch64-linux-gnu]
    arg [-L/usr/lib/../lib] ==> dir [/usr/lib/../lib]
    arg [-L/usr/lib/gcc/aarch64-linux-gnu/4.8/../../..] ==> dir [/usr/lib/gcc/aarch64-linux-gnu/4.8/../../..]
    arg [CMakeFiles/cmTC_00b7f.dir/CMakeCCompilerABI.c.o] ==> ignore
    arg [-lgcc] ==> lib [gcc]
    arg [--as-needed] ==> ignore
    arg [-lgcc_s] ==> lib [gcc_s]
    arg [--no-as-needed] ==> ignore
    arg [-lc] ==> lib [c]
    arg [-lgcc] ==> lib [gcc]
    arg [--as-needed] ==> ignore
    arg [-lgcc_s] ==> lib [gcc_s]
    arg [--no-as-needed] ==> ignore
    arg [/usr/lib/gcc/aarch64-linux-gnu/4.8/crtend.o] ==> ignore
    arg [/usr/lib/gcc/aarch64-linux-gnu/4.8/../../../aarch64-linux-gnu/crtn.o] ==> ignore
  remove lib [gcc]
  remove lib [gcc_s]
  remove lib [gcc]
  remove lib [gcc_s]
  collapse library dir [/usr/lib/gcc/aarch64-linux-gnu/4.8] ==> [/usr/lib/gcc/aarch64-linux-gnu/4.8]
  collapse library dir [/usr/lib/gcc/aarch64-linux-gnu/4.8/../../../aarch64-linux-gnu] ==> [/usr/lib/aarch64-linux-gnu]
  collapse library dir [/usr/lib/gcc/aarch64-linux-gnu/4.8/../../../../lib] ==> [/usr/lib]
  collapse library dir [/lib/aarch64-linux-gnu] ==> [/lib/aarch64-linux-gnu]
  collapse library dir [/lib/../lib] ==> [/lib]
  collapse library dir [/usr/lib/aarch64-linux-gnu] ==> [/usr/lib/aarch64-linux-gnu]
  collapse library dir [/usr/lib/../lib] ==> [/usr/lib]
  collapse library dir [/usr/lib/gcc/aarch64-linux-gnu/4.8/../../..] ==> [/usr/lib]
  implicit libs: [c]
  implicit dirs: [/usr/lib/gcc/aarch64-linux-gnu/4.8;/usr/lib/aarch64-linux-gnu;/usr/lib;/lib/aarch64-linux-gnu;/lib]
  implicit fwks: []




Detecting C [-std=c11] compiler features compiled with the following output:
Change Dir: /home/ubuntu/projects/lowpoly/src/build/CMakeFiles/CMakeTmp

Run Build Command:"/usr/bin/make" "cmTC_5dc36/fast"
/usr/bin/make -f CMakeFiles/cmTC_5dc36.dir/build.make CMakeFiles/cmTC_5dc36.dir/build
make[1]: Entering directory `/home/ubuntu/projects/lowpoly/src/build/CMakeFiles/CMakeTmp'
Building C object CMakeFiles/cmTC_5dc36.dir/feature_tests.c.o
/usr/bin/cc    -std=c11 -o CMakeFiles/cmTC_5dc36.dir/feature_tests.c.o   -c /home/ubuntu/projects/lowpoly/src/build/CMakeFiles/feature_tests.c
Linking C executable cmTC_5dc36
/usr/bin/cmake -E cmake_link_script CMakeFiles/cmTC_5dc36.dir/link.txt --verbose=1
/usr/bin/cc       CMakeFiles/cmTC_5dc36.dir/feature_tests.c.o  -o cmTC_5dc36 -rdynamic 
make[1]: Leaving directory `/home/ubuntu/projects/lowpoly/src/build/CMakeFiles/CMakeTmp'


    Feature record: C_FEATURE:1c_function_prototypes
    Feature record: C_FEATURE:1c_restrict
    Feature record: C_FEATURE:1c_static_assert
    Feature record: C_FEATURE:1c_variadic_macros


Detecting C [-std=c99] compiler features compiled with the following output:
Change Dir: /home/ubuntu/projects/lowpoly/src/build/CMakeFiles/CMakeTmp

Run Build Command:"/usr/bin/make" "cmTC_220e0/fast"
/usr/bin/make -f CMakeFiles/cmTC_220e0.dir/build.make CMakeFiles/cmTC_220e0.dir/build
make[1]: Entering directory `/home/ubuntu/projects/lowpoly/src/build/CMakeFiles/CMakeTmp'
Building C object CMakeFiles/cmTC_220e0.dir/feature_tests.c.o
/usr/bin/cc    -std=c99 -o CMakeFiles/cmTC_220e0.dir/feature_tests.c.o   -c /home/ubuntu/projects/lowpoly/src/build/CMakeFiles/feature_tests.c
Linking C executable cmTC_220e0
/usr/bin/cmake -E cmake_link_script CMakeFiles/cmTC_220e0.dir/link.txt --verbose=1
/usr/bin/cc       CMakeFiles/cmTC_220e0.dir/feature_tests.c.o  -o cmTC_220e0 -rdynamic 
make[1]: Leaving directory `/home/ubuntu/projects/lowpoly/src/build/CMakeFiles/CMakeTmp'


    Feature record: C_FEATURE:1c_function_prototypes
    Feature record: C_FEATURE:1c_restrict
    Feature record: C_FEATURE:0c_static_assert
    Feature record: C_FEATURE:1c_variadic_macros


Detecting C [-std=c90] compiler features compiled with the following output:
Change Dir: /home/ubuntu/projects/lowpoly/src/build/CMakeFiles/CMakeTmp

Run Build Command:"/usr/bin/make" "cmTC_830b1/fast"
/usr/bin/make -f CMakeFiles/cmTC_830b1.dir/build.make CMakeFiles/cmTC_830b1.dir/build
make[1]: Entering directory `/home/ubuntu/projects/lowpoly/src/build/CMakeFiles/CMakeTmp'
Building C object CMakeFiles/cmTC_830b1.dir/feature_tests.c.o
/usr/bin/cc    -std=c90 -o CMakeFiles/cmTC_830b1.dir/feature_tests.c.o   -c /home/ubuntu/projects/lowpoly/src/build/CMakeFiles/feature_tests.c
Linking C executable cmTC_830b1
/usr/bin/cmake -E cmake_link_script CMakeFiles/cmTC_830b1.dir/link.txt --verbose=1
/usr/bin/cc       CMakeFiles/cmTC_830b1.dir/feature_tests.c.o  -o cmTC_830b1 -rdynamic 
make[1]: Leaving directory `/home/ubuntu/projects/lowpoly/src/build/CMakeFiles/CMakeTmp'


    Feature record: C_FEATURE:1c_function_prototypes
    Feature record: C_FEATURE:0c_restrict
    Feature record: C_FEATURE:0c_static_assert
    Feature record: C_FEATURE:0c_variadic_macros
Determining if the CXX compiler works passed with the following output:
Change Dir: /home/ubuntu/projects/lowpoly/src/build/CMakeFiles/CMakeTmp

Run Build Command:"/usr/bin/make" "cmTC_f71c1/fast"
/usr/bin/make -f CMakeFiles/cmTC_f71c1.dir/build.make CMakeFiles/cmTC_f71c1.dir/build
make[1]: Entering directory `/home/ubuntu/projects/lowpoly/src/build/CMakeFiles/CMakeTmp'
Building CXX object CMakeFiles/cmTC_f71c1.dir/testCXXCompiler.cxx.o
/usr/bin/c++     -std=c++0x    -o CMakeFiles/cmTC_f71c1.dir/testCXXCompiler.cxx.o -c /home/ubuntu/projects/lowpoly/src/build/CMakeFiles/CMakeTmp/testCXXCompiler.cxx
Linking CXX executable cmTC_f71c1
/usr/bin/cmake -E cmake_link_script CMakeFiles/cmTC_f71c1.dir/link.txt --verbose=1
/usr/bin/c++    -std=c++0x     CMakeFiles/cmTC_f71c1.dir/testCXXCompiler.cxx.o  -o cmTC_f71c1 -rdynamic 
make[1]: Leaving directory `/home/ubuntu/projects/lowpoly/src/build/CMakeFiles/CMakeTmp'


Detecting CXX compiler ABI info compiled with the following output:
Change Dir: /home/ubuntu/projects/lowpoly/src/build/CMakeFiles/CMakeTmp

Run Build Command:"/usr/bin/make" "cmTC_fa22b/fast"
/usr/bin/make -f CMakeFiles/cmTC_fa22b.dir/build.make CMakeFiles/cmTC_fa22b.dir/build
make[1]: Entering directory `/home/ubuntu/projects/lowpoly/src/build/CMakeFiles/CMakeTmp'
Building CXX object CMakeFiles/cmTC_fa22b.dir/CMakeCXXCompilerABI.cpp.o
/usr/bin/c++     -std=c++0x    -o CMakeFiles/cmTC_fa22b.dir/CMakeCXXCompilerABI.cpp.o -c /usr/share/cmake-3.5/Modules/CMakeCXXCompilerABI.cpp
Linking CXX executable cmTC_fa22b
/usr/bin/cmake -E cmake_link_script CMakeFiles/cmTC_fa22b.dir/link.txt --verbose=1
/usr/bin/c++    -std=c++0x    -v CMakeFiles/cmTC_fa22b.dir/CMakeCXXCompilerABI.cpp.o  -o cmTC_fa22b -rdynamic  
Using built-in specs.
COLLECT_GCC=/usr/bin/c++
COLLECT_LTO_WRAPPER=/usr/lib/gcc/aarch64-linux-gnu/4.8/lto-wrapper
Target: aarch64-linux-gnu
Configured with: ../src/configure -v --with-pkgversion='Ubuntu/Linaro 4.8.4-2ubuntu1~14.04.4' --with-bugurl=file:///usr/share/doc/gcc-4.8/README.Bugs --enable-languages=c,c++,java,go,d,fortran,objc,obj-c++ --prefix=/usr --program-suffix=-4.8 --enable-shared --enable-linker-build-id --libexecdir=/usr/lib --without-included-gettext --enable-threads=posix --with-gxx-include-dir=/usr/include/c++/4.8 --libdir=/usr/lib --enable-nls --with-sysroot=/ --enable-clocale=gnu --enable-libstdcxx-debug --enable-libstdcxx-time=yes --enable-gnu-unique-object --disable-libmudflap --disable-libsanitizer --disable-libquadmath --enable-plugin --with-system-zlib --disable-browser-plugin --enable-java-awt=gtk --enable-gtk-cairo --with-java-home=/usr/lib/jvm/java-1.5.0-gcj-4.8-arm64/jre --enable-java-home --with-jvm-root-dir=/usr/lib/jvm/java-1.5.0-gcj-4.8-arm64 --with-jvm-jar-dir=/usr/lib/jvm-exports/java-1.5.0-gcj-4.8-arm64 --with-arch-directory=arm64 --with-ecj-jar=/usr/share/java/eclipse-ecj.jar --enable-multiarch --disable-werror --enable-checking=release --build=aarch64-linux-gnu --host=aarch64-linux-gnu --target=aarch64-linux-gnu
Thread model: posix
gcc version 4.8.4 (Ubuntu/Linaro 4.8.4-2ubuntu1~14.04.4) 
COMPILER_PATH=/usr/lib/gcc/aarch64-linux-gnu/4.8/:/usr/lib/gcc/aarch64-linux-gnu/4.8/:/usr/lib/gcc/aarch64-linux-gnu/:/usr/lib/gcc/aarch64-linux-gnu/4.8/:/usr/lib/gcc/aarch64-linux-gnu/
LIBRARY_PATH=/usr/lib/gcc/aarch64-linux-gnu/4.8/:/usr/lib/gcc/aarch64-linux-gnu/4.8/../../../aarch64-linux-gnu/:/usr/lib/gcc/aarch64-linux-gnu/4.8/../../../../lib/:/lib/aarch64-linux-gnu/:/lib/../lib/:/usr/lib/aarch64-linux-gnu/:/usr/lib/../lib/:/usr/lib/gcc/aarch64-linux-gnu/4.8/../../../:/lib/:/usr/lib/
COLLECT_GCC_OPTIONS='-std=c++11' '-v' '-o' 'cmTC_fa22b' '-rdynamic' '-shared-libgcc'
 /usr/lib/gcc/aarch64-linux-gnu/4.8/collect2 --sysroot=/ --build-id --eh-frame-hdr --hash-style=gnu --as-needed -export-dynamic -dynamic-linker /lib/ld-linux-aarch64.so.1 -X -z relro -o cmTC_fa22b /usr/lib/gcc/aarch64-linux-gnu/4.8/../../../aarch64-linux-gnu/crt1.o /usr/lib/gcc/aarch64-linux-gnu/4.8/../../../aarch64-linux-gnu/crti.o /usr/lib/gcc/aarch64-linux-gnu/4.8/crtbegin.o -L/usr/lib/gcc/aarch64-linux-gnu/4.8 -L/usr/lib/gcc/aarch64-linux-gnu/4.8/../../../aarch64-linux-gnu -L/usr/lib/gcc/aarch64-linux-gnu/4.8/../../../../lib -L/lib/aarch64-linux-gnu -L/lib/../lib -L/usr/lib/aarch64-linux-gnu -L/usr/lib/../lib -L/usr/lib/gcc/aarch64-linux-gnu/4.8/../../.. CMakeFiles/cmTC_fa22b.dir/CMakeCXXCompilerABI.cpp.o -lstdc++ -lm -lgcc_s -lgcc -lc -lgcc_s -lgcc /usr/lib/gcc/aarch64-linux-gnu/4.8/crtend.o /usr/lib/gcc/aarch64-linux-gnu/4.8/../../../aarch64-linux-gnu/crtn.o
make[1]: Leaving directory `/home/ubuntu/projects/lowpoly/src/build/CMakeFiles/CMakeTmp'


Parsed CXX implicit link information from above output:
  link line regex: [^( *|.*[/\])(ld|([^/\]+-)?ld|collect2)[^/\]*( |$)]
  ignore line: [Change Dir: /home/ubuntu/projects/lowpoly/src/build/CMakeFiles/CMakeTmp]
  ignore line: []
  ignore line: [Run Build Command:"/usr/bin/make" "cmTC_fa22b/fast"]
  ignore line: [/usr/bin/make -f CMakeFiles/cmTC_fa22b.dir/build.make CMakeFiles/cmTC_fa22b.dir/build]
  ignore line: [make[1]: Entering directory `/home/ubuntu/projects/lowpoly/src/build/CMakeFiles/CMakeTmp']
  ignore line: [Building CXX object CMakeFiles/cmTC_fa22b.dir/CMakeCXXCompilerABI.cpp.o]
  ignore line: [/usr/bin/c++     -std=c++0x    -o CMakeFiles/cmTC_fa22b.dir/CMakeCXXCompilerABI.cpp.o -c /usr/share/cmake-3.5/Modules/CMakeCXXCompilerABI.cpp]
  ignore line: [Linking CXX executable cmTC_fa22b]
  ignore line: [/usr/bin/cmake -E cmake_link_script CMakeFiles/cmTC_fa22b.dir/link.txt --verbose=1]
  ignore line: [/usr/bin/c++    -std=c++0x    -v CMakeFiles/cmTC_fa22b.dir/CMakeCXXCompilerABI.cpp.o  -o cmTC_fa22b -rdynamic  ]
  ignore line: [Using built-in specs.]
  ignore line: [COLLECT_GCC=/usr/bin/c++]
  ignore line: [COLLECT_LTO_WRAPPER=/usr/lib/gcc/aarch64-linux-gnu/4.8/lto-wrapper]
  ignore line: [Target: aarch64-linux-gnu]
  ignore line: [Configured with: ../src/configure -v --with-pkgversion='Ubuntu/Linaro 4.8.4-2ubuntu1~14.04.4' --with-bugurl=file:///usr/share/doc/gcc-4.8/README.Bugs --enable-languages=c,c++,java,go,d,fortran,objc,obj-c++ --prefix=/usr --program-suffix=-4.8 --enable-shared --enable-linker-build-id --libexecdir=/usr/lib --without-included-gettext --enable-threads=posix --with-gxx-include-dir=/usr/include/c++/4.8 --libdir=/usr/lib --enable-nls --with-sysroot=/ --enable-clocale=gnu --enable-libstdcxx-debug --enable-libstdcxx-time=yes --enable-gnu-unique-object --disable-libmudflap --disable-libsanitizer --disable-libquadmath --enable-plugin --with-system-zlib --disable-browser-plugin --enable-java-awt=gtk --enable-gtk-cairo --with-java-home=/usr/lib/jvm/java-1.5.0-gcj-4.8-arm64/jre --enable-java-home --with-jvm-root-dir=/usr/lib/jvm/java-1.5.0-gcj-4.8-arm64 --with-jvm-jar-dir=/usr/lib/jvm-exports/java-1.5.0-gcj-4.8-arm64 --with-arch-directory=arm64 --with-ecj-jar=/usr/share/java/eclipse-ecj.jar --enable-multiarch --disable-werror --enable-checking=release --build=aarch64-linux-gnu --host=aarch64-linux-gnu --target=aarch64-linux-gnu]
  ignore line: [Thread model: posix]
  ignore line: [gcc version 4.8.4 (Ubuntu/Linaro 4.8.4-2ubuntu1~14.04.4) ]
  ignore line: [COMPILER_PATH=/usr/lib/gcc/aarch64-linux-gnu/4.8/:/usr/lib/gcc/aarch64-linux-gnu/4.8/:/usr/lib/gcc/aarch64-linux-gnu/:/usr/lib/gcc/aarch64-linux-gnu/4.8/:/usr/lib/gcc/aarch64-linux-gnu/]
  ignore line: [LIBRARY_PATH=/usr/lib/gcc/aarch64-linux-gnu/4.8/:/usr/lib/gcc/aarch64-linux-gnu/4.8/../../../aarch64-linux-gnu/:/usr/lib/gcc/aarch64-linux-gnu/4.8/../../../../lib/:/lib/aarch64-linux-gnu/:/lib/../lib/:/usr/lib/aarch64-linux-gnu/:/usr/lib/../lib/:/usr/lib/gcc/aarch64-linux-gnu/4.8/../../../:/lib/:/usr/lib/]
  ignore line: [COLLECT_GCC_OPTIONS='-std=c++11' '-v' '-o' 'cmTC_fa22b' '-rdynamic' '-shared-libgcc']
  link line: [ /usr/lib/gcc/aarch64-linux-gnu/4.8/collect2 --sysroot=/ --build-id --eh-frame-hdr --hash-style=gnu --as-needed -export-dynamic -dynamic-linker /lib/ld-linux-aarch64.so.1 -X -z relro -o cmTC_fa22b /usr/lib/gcc/aarch64-linux-gnu/4.8/../../../aarch64-linux-gnu/crt1.o /usr/lib/gcc/aarch64-linux-gnu/4.8/../../../aarch64-linux-gnu/crti.o /usr/lib/gcc/aarch64-linux-gnu/4.8/crtbegin.o -L/usr/lib/gcc/aarch64-linux-gnu/4.8 -L/usr/lib/gcc/aarch64-linux-gnu/4.8/../../../aarch64-linux-gnu -L/usr/lib/gcc/aarch64-linux-gnu/4.8/../../../../lib -L/lib/aarch64-linux-gnu -L/lib/../lib -L/usr/lib/aarch64-linux-gnu -L/usr/lib/../lib -L/usr/lib/gcc/aarch64-linux-gnu/4.8/../../.. CMakeFiles/cmTC_fa22b.dir/CMakeCXXCompilerABI.cpp.o -lstdc++ -lm -lgcc_s -lgcc -lc -lgcc_s -lgcc /usr/lib/gcc/aarch64-linux-gnu/4.8/crtend.o /usr/lib/gcc/aarch64-linux-gnu/4.8/../../../aarch64-linux-gnu/crtn.o]
    arg [/usr/lib/gcc/aarch64-linux-gnu/4.8/collect2] ==> ignore
    arg [--sysroot=/] ==> ignore
    arg [--build-id] ==> ignore
    arg [--eh-frame-hdr] ==> ignore
    arg [--hash-style=gnu] ==> ignore
    arg [--as-needed] ==> ignore
    arg [-export-dynamic] ==> ignore
    arg [-dynamic-linker] ==> ignore
    arg [/lib/ld-linux-aarch64.so.1] ==> ignore
    arg [-X] ==> ignore
    arg [-zrelro] ==> ignore
    arg [-o] ==> ignore
    arg [cmTC_fa22b] ==> ignore
    arg [/usr/lib/gcc/aarch64-linux-gnu/4.8/../../../aarch64-linux-gnu/crt1.o] ==> ignore
    arg [/usr/lib/gcc/aarch64-linux-gnu/4.8/../../../aarch64-linux-gnu/crti.o] ==> ignore
    arg [/usr/lib/gcc/aarch64-linux-gnu/4.8/crtbegin.o] ==> ignore
    arg [-L/usr/lib/gcc/aarch64-linux-gnu/4.8] ==> dir [/usr/lib/gcc/aarch64-linux-gnu/4.8]
    arg [-L/usr/lib/gcc/aarch64-linux-gnu/4.8/../../../aarch64-linux-gnu] ==> dir [/usr/lib/gcc/aarch64-linux-gnu/4.8/../../../aarch64-linux-gnu]
    arg [-L/usr/lib/gcc/aarch64-linux-gnu/4.8/../../../../lib] ==> dir [/usr/lib/gcc/aarch64-linux-gnu/4.8/../../../../lib]
    arg [-L/lib/aarch64-linux-gnu] ==> dir [/lib/aarch64-linux-gnu]
    arg [-L/lib/../lib] ==> dir [/lib/../lib]
    arg [-L/usr/lib/aarch64-linux-gnu] ==> dir [/usr/lib/aarch64-linux-gnu]
    arg [-L/usr/lib/../lib] ==> dir [/usr/lib/../lib]
    arg [-L/usr/lib/gcc/aarch64-linux-gnu/4.8/../../..] ==> dir [/usr/lib/gcc/aarch64-linux-gnu/4.8/../../..]
    arg [CMakeFiles/cmTC_fa22b.dir/CMakeCXXCompilerABI.cpp.o] ==> ignore
    arg [-lstdc++] ==> lib [stdc++]
    arg [-lm] ==> lib [m]
    arg [-lgcc_s] ==> lib [gcc_s]
    arg [-lgcc] ==> lib [gcc]
    arg [-lc] ==> lib [c]
    arg [-lgcc_s] ==> lib [gcc_s]
    arg [-lgcc] ==> lib [gcc]
    arg [/usr/lib/gcc/aarch64-linux-gnu/4.8/crtend.o] ==> ignore
    arg [/usr/lib/gcc/aarch64-linux-gnu/4.8/../../../aarch64-linux-gnu/crtn.o] ==> ignore
  remove lib [gcc_s]
  remove lib [gcc]
  remove lib [gcc_s]
  remove lib [gcc]
  collapse library dir [/usr/lib/gcc/aarch64-linux-gnu/4.8] ==> [/usr/lib/gcc/aarch64-linux-gnu/4.8]
  collapse library dir [/usr/lib/gcc/aarch64-linux-gnu/4.8/../../../aarch64-linux-gnu] ==> [/usr/lib/aarch64-linux-gnu]
  collapse library dir [/usr/lib/gcc/aarch64-linux-gnu/4.8/../../../../lib] ==> [/usr/lib]
  collapse library dir [/lib/aarch64-linux-gnu] ==> [/lib/aarch64-linux-gnu]
  collapse library dir [/lib/../lib] ==> [/lib]
  collapse library dir [/usr/lib/aarch64-linux-gnu] ==> [/usr/lib/aarch64-linux-gnu]
  collapse library dir [/usr/lib/../lib] ==> [/usr/lib]
  collapse library dir [/usr/lib/gcc/aarch64-linux-gnu/4.8/../../..] ==> [/usr/lib]
  implicit libs: [stdc++;m;c]
  implicit dirs: [/usr/lib/gcc/aarch64-linux-gnu/4.8;/usr/lib/aarch64-linux-gnu;/usr/lib;/lib/aarch64-linux-gnu;/lib]
  implicit fwks: []




Detecting CXX [-std=c++1y] compiler features compiled with the following output:
Change Dir: /home/ubuntu/projects/lowpoly/src/build/CMakeFiles/CMakeTmp

Run Build Command:"/usr/bin/make" "cmTC_34659/fast"
/usr/bin/make -f CMakeFiles/cmTC_34659.dir/build.make CMakeFiles/cmTC_34659.dir/build
make[1]: Entering directory `/home/ubuntu/projects/lowpoly/src/build/CMakeFiles/CMakeTmp'
Building CXX object CMakeFiles/cmTC_34659.dir/feature_tests.cxx.o
/usr/bin/c++     -std=c++0x    -std=c++1y -o CMakeFiles/cmTC_34659.dir/feature_tests.cxx.o -c /home/ubuntu/projects/lowpoly/src/build/CMakeFiles/feature_tests.cxx
Linking CXX executable cmTC_34659
/usr/bin/cmake -E cmake_link_script CMakeFiles/cmTC_34659.dir/link.txt --verbose=1
/usr/bin/c++    -std=c++0x     CMakeFiles/cmTC_34659.dir/feature_tests.cxx.o  -o cmTC_34659 -rdynamic 
make[1]: Leaving directory `/home/ubuntu/projects/lowpoly/src/build/CMakeFiles/CMakeTmp'


    Feature record: CXX_FEATURE:0cxx_aggregate_default_initializers
    Feature record: CXX_FEATURE:1cxx_alias_templates
    Feature record: CXX_FEATURE:1cxx_alignas
    Feature record: CXX_FEATURE:1cxx_alignof
    Feature record: CXX_FEATURE:1cxx_attributes
    Feature record: CXX_FEATURE:0cxx_attribute_deprecated
    Feature record: CXX_FEATURE:1cxx_auto_type
    Feature record: CXX_FEATURE:0cxx_binary_literals
    Feature record: CXX_FEATURE:1cxx_constexpr
    Feature record: CXX_FEATURE:0cxx_contextual_conversions
    Feature record: CXX_FEATURE:1cxx_decltype
    Feature record: CXX_FEATURE:0cxx_decltype_auto
    Feature record: CXX_FEATURE:1cxx_decltype_incomplete_return_types
    Feature record: CXX_FEATURE:1cxx_default_function_template_args
    Feature record: CXX_FEATURE:1cxx_defaulted_functions
    Feature record: CXX_FEATURE:1cxx_defaulted_move_initializers
    Feature record: CXX_FEATURE:1cxx_delegating_constructors
    Feature record: CXX_FEATURE:1cxx_deleted_functions
    Feature record: CXX_FEATURE:0cxx_digit_separators
    Feature record: CXX_FEATURE:1cxx_enum_forward_declarations
    Feature record: CXX_FEATURE:1cxx_explicit_conversions
    Feature record: CXX_FEATURE:1cxx_extended_friend_declarations
    Feature record: CXX_FEATURE:1cxx_extern_templates
    Feature record: CXX_FEATURE:1cxx_final
    Feature record: CXX_FEATURE:1cxx_func_identifier
    Feature record: CXX_FEATURE:1cxx_generalized_initializers
    Feature record: CXX_FEATURE:0cxx_generic_lambdas
    Feature record: CXX_FEATURE:1cxx_inheriting_constructors
    Feature record: CXX_FEATURE:1cxx_inline_namespaces
    Feature record: CXX_FEATURE:1cxx_lambdas
    Feature record: CXX_FEATURE:0cxx_lambda_init_captures
    Feature record: CXX_FEATURE:1cxx_local_type_template_args
    Feature record: CXX_FEATURE:1cxx_long_long_type
    Feature record: CXX_FEATURE:1cxx_noexcept
    Feature record: CXX_FEATURE:1cxx_nonstatic_member_init
    Feature record: CXX_FEATURE:1cxx_nullptr
    Feature record: CXX_FEATURE:1cxx_override
    Feature record: CXX_FEATURE:1cxx_range_for
    Feature record: CXX_FEATURE:1cxx_raw_string_literals
    Feature record: CXX_FEATURE:1cxx_reference_qualified_functions
    Feature record: CXX_FEATURE:0cxx_relaxed_constexpr
    Feature record: CXX_FEATURE:0cxx_return_type_deduction
    Feature record: CXX_FEATURE:1cxx_right_angle_brackets
    Feature record: CXX_FEATURE:1cxx_rvalue_references
    Feature record: CXX_FEATURE:1cxx_sizeof_member
    Feature record: CXX_FEATURE:1cxx_static_assert
    Feature record: CXX_FEATURE:1cxx_strong_enums
    Feature record: CXX_FEATURE:1cxx_template_template_parameters
    Feature record: CXX_FEATURE:1cxx_thread_local
    Feature record: CXX_FEATURE:1cxx_trailing_return_types
    Feature record: CXX_FEATURE:1cxx_unicode_literals
    Feature record: CXX_FEATURE:1cxx_uniform_initialization
    Feature record: CXX_FEATURE:1cxx_unrestricted_unions
    Feature record: CXX_FEATURE:1cxx_user_literals
    Feature record: CXX_FEATURE:0cxx_variable_templates
    Feature record: CXX_FEATURE:1cxx_variadic_macros
    Feature record: CXX_FEATURE:1cxx_variadic_templates


Detecting CXX [-std=c++11] compiler features compiled with the following output:
Change Dir: /home/ubuntu/projects/lowpoly/src/build/CMakeFiles/CMakeTmp

Run Build Command:"/usr/bin/make" "cmTC_ca153/fast"
/usr/bin/make -f CMakeFiles/cmTC_ca153.dir/build.make CMakeFiles/cmTC_ca153.dir/build
make[1]: Entering directory `/home/ubuntu/projects/lowpoly/src/build/CMakeFiles/CMakeTmp'
Building CXX object CMakeFiles/cmTC_ca153.dir/feature_tests.cxx.o
/usr/bin/c++     -std=c++0x    -std=c++11 -o CMakeFiles/cmTC_ca153.dir/feature_tests.cxx.o -c /home/ubuntu/projects/lowpoly/src/build/CMakeFiles/feature_tests.cxx
Linking CXX executable cmTC_ca153
/usr/bin/cmake -E cmake_link_script CMakeFiles/cmTC_ca153.dir/link.txt --verbose=1
/usr/bin/c++    -std=c++0x     CMakeFiles/cmTC_ca153.dir/feature_tests.cxx.o  -o cmTC_ca153 -rdynamic 
make[1]: Leaving directory `/home/ubuntu/projects/lowpoly/src/build/CMakeFiles/CMakeTmp'


    Feature record: CXX_FEATURE:0cxx_aggregate_default_initializers
    Feature record: CXX_FEATURE:1cxx_alias_templates
    Feature record: CXX_FEATURE:1cxx_alignas
    Feature record: CXX_FEATURE:1cxx_alignof
    Feature record: CXX_FEATURE:1cxx_attributes
    Feature record: CXX_FEATURE:0cxx_attribute_deprecated
    Feature record: CXX_FEATURE:1cxx_auto_type
    Feature record: CXX_FEATURE:0cxx_binary_literals
    Feature record: CXX_FEATURE:1cxx_constexpr
    Feature record: CXX_FEATURE:0cxx_contextual_conversions
    Feature record: CXX_FEATURE:1cxx_decltype
    Feature record: CXX_FEATURE:0cxx_decltype_auto
    Feature record: CXX_FEATURE:1cxx_decltype_incomplete_return_types
    Feature record: CXX_FEATURE:1cxx_default_function_template_args
    Feature record: CXX_FEATURE:1cxx_defaulted_functions
    Feature record: CXX_FEATURE:1cxx_defaulted_move_initializers
    Feature record: CXX_FEATURE:1cxx_delegating_constructors
    Feature record: CXX_FEATURE:1cxx_deleted_functions
    Feature record: CXX_FEATURE:0cxx_digit_separators
    Feature record: CXX_FEATURE:1cxx_enum_forward_declarations
    Feature record: CXX_FEATURE:1cxx_explicit_conversions
    Feature record: CXX_FEATURE:1cxx_extended_friend_declarations
    Feature record: CXX_FEATURE:1cxx_extern_templates
    Feature record: CXX_FEATURE:1cxx_final
    Feature record: CXX_FEATURE:1cxx_func_identifier
    Feature record: CXX_FEATURE:1cxx_generalized_initializers
    Feature record: CXX_FEATURE:0cxx_generic_lambdas
    Feature record: CXX_FEATURE:1cxx_inheriting_constructors
    Feature record: CXX_FEATURE:1cxx_inline_namespaces
    Feature record: CXX_FEATURE:1cxx_lambdas
    Feature record: CXX_FEATURE:0cxx_lambda_init_captures
    Feature record: CXX_FEATURE:1cxx_local_type_template_args
    Feature record: CXX_FEATURE:1cxx_long_long_type
    Feature record: CXX_FEATURE:1cxx_noexcept
    Feature record: CXX_FEATURE:1cxx_nonstatic_member_init
    Feature record: CXX_FEATURE:1cxx_nullptr
    Feature record: CXX_FEATURE:1cxx_override
    Feature record: CXX_FEATURE:1cxx_range_for
    Feature record: CXX_FEATURE:1cxx_raw_string_literals
    Feature record: CXX_FEATURE:1cxx_reference_qualified_functions
    Feature record: CXX_FEATURE:0cxx_relaxed_constexpr
    Feature record: CXX_FEATURE:0cxx_return_type_deduction
    Feature record: CXX_FEATURE:1cxx_right_angle_brackets
    Feature record: CXX_FEATURE:1cxx_rvalue_references
    Feature record: CXX_FEATURE:1cxx_sizeof_member
    Feature record: CXX_FEATURE:1cxx_static_assert
    Feature record: CXX_FEATURE:1cxx_strong_enums
    Feature record: CXX_FEATURE:1cxx_template_template_parameters
    Feature record: CXX_FEATURE:1cxx_thread_local
    Feature record: CXX_FEATURE:1cxx_trailing_return_types
    Feature record: CXX_FEATURE:1cxx_unicode_literals
    Feature record: CXX_FEATURE:1cxx_uniform_initialization
    Feature record: CXX_FEATURE:1cxx_unrestricted_unions
    Feature record: CXX_FEATURE:1cxx_user_literals
    Feature record: CXX_FEATURE:0cxx_variable_templates
    Feature record: CXX_FEATURE:1cxx_variadic_macros
    Feature record: CXX_FEATURE:1cxx_variadic_templates


Detecting CXX [-std=c++98] compiler features compiled with the following output:
Change Dir: /home/ubuntu/projects/lowpoly/src/build/CMakeFiles/CMakeTmp

Run Build Command:"/usr/bin/make" "cmTC_805d1/fast"
/usr/bin/make -f CMakeFiles/cmTC_805d1.dir/build.make CMakeFiles/cmTC_805d1.dir/build
make[1]: Entering directory `/home/ubuntu/projects/lowpoly/src/build/CMakeFiles/CMakeTmp'
Building CXX object CMakeFiles/cmTC_805d1.dir/feature_tests.cxx.o
/usr/bin/c++     -std=c++0x    -std=c++98 -o CMakeFiles/cmTC_805d1.dir/feature_tests.cxx.o -c /home/ubuntu/projects/lowpoly/src/build/CMakeFiles/feature_tests.cxx
Linking CXX executable cmTC_805d1
/usr/bin/cmake -E cmake_link_script CMakeFiles/cmTC_805d1.dir/link.txt --verbose=1
/usr/bin/c++    -std=c++0x     CMakeFiles/cmTC_805d1.dir/feature_tests.cxx.o  -o cmTC_805d1 -rdynamic 
make[1]: Leaving directory `/home/ubuntu/projects/lowpoly/src/build/CMakeFiles/CMakeTmp'


    Feature record: CXX_FEATURE:0cxx_aggregate_default_initializers
    Feature record: CXX_FEATURE:0cxx_alias_templates
    Feature record: CXX_FEATURE:0cxx_alignas
    Feature record: CXX_FEATURE:0cxx_alignof
    Feature record: CXX_FEATURE:0cxx_attributes
    Feature record: CXX_FEATURE:0cxx_attribute_deprecated
    Feature record: CXX_FEATURE:0cxx_auto_type
    Feature record: CXX_FEATURE:0cxx_binary_literals
    Feature record: CXX_FEATURE:0cxx_constexpr
    Feature record: CXX_FEATURE:0cxx_contextual_conversions
    Feature record: CXX_FEATURE:0cxx_decltype
    Feature record: CXX_FEATURE:0cxx_decltype_auto
    Feature record: CXX_FEATURE:0cxx_decltype_incomplete_return_types
    Feature record: CXX_FEATURE:0cxx_default_function_template_args
    Feature record: CXX_FEATURE:0cxx_defaulted_functions
    Feature record: CXX_FEATURE:0cxx_defaulted_move_initializers
    Feature record: CXX_FEATURE:0cxx_delegating_constructors
    Feature record: CXX_FEATURE:0cxx_deleted_functions
    Feature record: CXX_FEATURE:0cxx_digit_separators
    Feature record: CXX_FEATURE:0cxx_enum_forward_declarations
    Feature record: CXX_FEATURE:0cxx_explicit_conversions
    Feature record: CXX_FEATURE:0cxx_extended_friend_declarations
    Feature record: CXX_FEATURE:0cxx_extern_templates
    Feature record: CXX_FEATURE:0cxx_final
    Feature record: CXX_FEATURE:0cxx_func_identifier
    Feature record: CXX_FEATURE:0cxx_generalized_initializers
    Feature record: CXX_FEATURE:0cxx_generic_lambdas
    Feature record: CXX_FEATURE:0cxx_inheriting_constructors
    Feature record: CXX_FEATURE:0cxx_inline_namespaces
    Feature record: CXX_FEATURE:0cxx_lambdas
    Feature record: CXX_FEATURE:0cxx_lambda_init_captures
    Feature record: CXX_FEATURE:0cxx_local_type_template_args
    Feature record: CXX_FEATURE:0cxx_long_long_type
    Feature record: CXX_FEATURE:0cxx_noexcept
    Feature record: CXX_FEATURE:0cxx_nonstatic_member_init
    Feature record: CXX_FEATURE:0cxx_nullptr
    Feature record: CXX_FEATURE:0cxx_override
    Feature record: CXX_FEATURE:0cxx_range_for
    Feature record: CXX_FEATURE:0cxx_raw_string_literals
    Feature record: CXX_FEATURE:0cxx_reference_qualified_functions
    Feature record: CXX_FEATURE:0cxx_relaxed_constexpr
    Feature record: CXX_FEATURE:0cxx_return_type_deduction
    Feature record: CXX_FEATURE:0cxx_right_angle_brackets
    Feature record: CXX_FEATURE:0cxx_rvalue_references
    Feature record: CXX_FEATURE:0cxx_sizeof_member
    Feature record: CXX_FEATURE:0cxx_static_assert
    Feature record: CXX_FEATURE:0cxx_strong_enums
    Feature record: CXX_FEATURE:1cxx_template_template_parameters
    Feature record: CXX_FEATURE:0cxx_thread_local
    Feature record: CXX_FEATURE:0cxx_trailing_return_types
    Feature record: CXX_FEATURE:0cxx_unicode_literals
    Feature record: CXX_FEATURE:0cxx_uniform_initialization
    Feature record: CXX_FEATURE:0cxx_unrestricted_unions
    Feature record: CXX_FEATURE:0cxx_user_literals
    Feature record: CXX_FEATURE:0cxx_variable_templates
    Feature record: CXX_FEATURE:0cxx_variadic_macros
    Feature record: CXX_FEATURE:0cxx_variadic_templates
Determining if the include file pthread.h exists passed with the following output:
Change Dir: /home/ubuntu/projects/lowpoly/src/build/CMakeFiles/CMakeTmp

Run Build Command:"/usr/bin/make" "cmTC_5ca1b/fast"
/usr/bin/make -f CMakeFiles/cmTC_5ca1b.dir/build.make CMakeFiles/cmTC_5ca1b.dir/build
make[1]: Entering directory `/home/ubuntu/projects/lowpoly/src/build/CMakeFiles/CMakeTmp'
Building C object CMakeFiles/cmTC_5ca1b.dir/CheckIncludeFile.c.o
/usr/bin/cc    -fPIC    -o CMakeFiles/cmTC_5ca1b.dir/CheckIncludeFile.c.o   -c /home/ubuntu/projects/lowpoly/src/build/CMakeFiles/CMakeTmp/CheckIncludeFile.c
Linking C executable cmTC_5ca1b
/usr/bin/cmake -E cmake_link_script CMakeFiles/cmTC_5ca1b.dir/link.txt --verbose=1
/usr/bin/cc  -fPIC     CMakeFiles/cmTC_5ca1b.dir/CheckIncludeFile.c.o  -o cmTC_5ca1b -rdynamic 
make[1]: Leaving directory `/home/ubuntu/projects/lowpoly/src/build/CMakeFiles/CMakeTmp'


Determining if the function pthread_create exists in the pthread passed with the following output:
Change Dir: /home/ubuntu/projects/lowpoly/src/build/CMakeFiles/CMakeTmp

Run Build Command:"/usr/bin/make" "cmTC_dc377/fast"
/usr/bin/make -f CMakeFiles/cmTC_dc377.dir/build.make CMakeFiles/cmTC_dc377.dir/build
make[1]: Entering directory `/home/ubuntu/projects/lowpoly/src/build/CMakeFiles/CMakeTmp'
Building C object CMakeFiles/cmTC_dc377.dir/CheckFunctionExists.c.o
/usr/bin/cc    -fPIC -DCHECK_FUNCTION_EXISTS=pthread_create   -o CMakeFiles/cmTC_dc377.dir/CheckFunctionExists.c.o   -c /usr/share/cmake-3.5/Modules/CheckFunctionExists.c
Linking C executable cmTC_dc377
/usr/bin/cmake -E cmake_link_script CMakeFiles/cmTC_dc377.dir/link.txt --verbose=1
/usr/bin/cc  -fPIC -DCHECK_FUNCTION_EXISTS=pthread_create    CMakeFiles/cmTC_dc377.dir/CheckFunctionExists.c.o  -o cmTC_dc377 -rdynamic -lpthread 
make[1]: Leaving directory `/home/ubuntu/projects/lowpoly/src/build/CMakeFiles/CMakeTmp'


