Determining if the pthread_create exist failed with the following output:
Change Dir: /home/ubuntu/projects/lowpoly/src/build/CMakeFiles/CMakeTmp

Run Build Command:"/usr/bin/make" "cmTC_b53c0/fast"
/usr/bin/make -f CMakeFiles/cmTC_b53c0.dir/build.make CMakeFiles/cmTC_b53c0.dir/build
make[1]: Entering directory `/home/ubuntu/projects/lowpoly/src/build/CMakeFiles/CMakeTmp'
Building C object CMakeFiles/cmTC_b53c0.dir/CheckSymbolExists.c.o
/usr/bin/cc    -fPIC    -o CMakeFiles/cmTC_b53c0.dir/CheckSymbolExists.c.o   -c /home/ubuntu/projects/lowpoly/src/build/CMakeFiles/CMakeTmp/CheckSymbolExists.c
Linking C executable cmTC_b53c0
/usr/bin/cmake -E cmake_link_script CMakeFiles/cmTC_b53c0.dir/link.txt --verbose=1
/usr/bin/cc  -fPIC     CMakeFiles/cmTC_b53c0.dir/CheckSymbolExists.c.o  -o cmTC_b53c0 -rdynamic 
CMakeFiles/cmTC_b53c0.dir/CheckSymbolExists.c.o: In function `main':
CheckSymbolExists.c:(.text+0x14): undefined reference to `pthread_create'
CheckSymbolExists.c:(.text+0x18): undefined reference to `pthread_create'
collect2: error: ld returned 1 exit status
make[1]: *** [cmTC_b53c0] Error 1
make[1]: Leaving directory `/home/ubuntu/projects/lowpoly/src/build/CMakeFiles/CMakeTmp'
make: *** [cmTC_b53c0/fast] Error 2

File /home/ubuntu/projects/lowpoly/src/build/CMakeFiles/CMakeTmp/CheckSymbolExists.c:
/* */
#include <pthread.h>

int main(int argc, char** argv)
{
  (void)argv;
#ifndef pthread_create
  return ((int*)(&pthread_create))[argc];
#else
  (void)argc;
  return 0;
#endif
}

Determining if the function pthread_create exists in the pthreads failed with the following output:
Change Dir: /home/ubuntu/projects/lowpoly/src/build/CMakeFiles/CMakeTmp

Run Build Command:"/usr/bin/make" "cmTC_33cb8/fast"
/usr/bin/make -f CMakeFiles/cmTC_33cb8.dir/build.make CMakeFiles/cmTC_33cb8.dir/build
make[1]: Entering directory `/home/ubuntu/projects/lowpoly/src/build/CMakeFiles/CMakeTmp'
Building C object CMakeFiles/cmTC_33cb8.dir/CheckFunctionExists.c.o
/usr/bin/cc    -fPIC -DCHECK_FUNCTION_EXISTS=pthread_create   -o CMakeFiles/cmTC_33cb8.dir/CheckFunctionExists.c.o   -c /usr/share/cmake-3.5/Modules/CheckFunctionExists.c
Linking C executable cmTC_33cb8
/usr/bin/cmake -E cmake_link_script CMakeFiles/cmTC_33cb8.dir/link.txt --verbose=1
/usr/bin/cc  -fPIC -DCHECK_FUNCTION_EXISTS=pthread_create    CMakeFiles/cmTC_33cb8.dir/CheckFunctionExists.c.o  -o cmTC_33cb8 -rdynamic -lpthreads 
/usr/bin/ld: cannot find -lpthreads
collect2: error: ld returned 1 exit status
make[1]: *** [cmTC_33cb8] Error 1
make[1]: Leaving directory `/home/ubuntu/projects/lowpoly/src/build/CMakeFiles/CMakeTmp'
make: *** [cmTC_33cb8/fast] Error 2


